[1.154s] Invoking command in '/home/raisu/ros2_ws/src/mypkg': PYTHONPATH=/home/raisu/ros2_ws/src/mypkg/build/mypkg/prefix_override:/home/raisu/ros2_ws/src/mypkg/install/mypkg/lib/python3.8/site-packages:${PYTHONPATH} /usr/bin/python3 setup.py egg_info --egg-base build/mypkg build --build-base /home/raisu/ros2_ws/src/mypkg/build/mypkg/build install --record /home/raisu/ros2_ws/src/mypkg/build/mypkg/install.log --install-scripts $base/lib/mypkg --single-version-externally-managed
[1.365s] running egg_info
[1.366s] writing build/mypkg/mypkg.egg-info/PKG-INFO
[1.367s] writing dependency_links to build/mypkg/mypkg.egg-info/dependency_links.txt
[1.368s] writing entry points to build/mypkg/mypkg.egg-info/entry_points.txt
[1.368s] writing requirements to build/mypkg/mypkg.egg-info/requires.txt
[1.369s] writing top-level names to build/mypkg/mypkg.egg-info/top_level.txt
[1.406s] reading manifest file 'build/mypkg/mypkg.egg-info/SOURCES.txt'
[1.408s] writing manifest file 'build/mypkg/mypkg.egg-info/SOURCES.txt'
[1.408s] running build
[1.408s] running build_py
[1.408s] copying mypkg/listener.py -> /home/raisu/ros2_ws/src/mypkg/build/mypkg/build/lib/mypkg
[1.409s] running install
[1.410s] running install_lib
[1.411s] copying /home/raisu/ros2_ws/src/mypkg/build/mypkg/build/lib/mypkg/listener.py -> /home/raisu/ros2_ws/src/mypkg/install/mypkg/lib/python3.8/site-packages/mypkg
[1.412s] byte-compiling /home/raisu/ros2_ws/src/mypkg/install/mypkg/lib/python3.8/site-packages/mypkg/listener.py to listener.cpython-38.pyc
[1.415s] running install_data
[1.416s] copying package.xml -> /home/raisu/ros2_ws/src/mypkg/install/mypkg/share/mypkg
[1.416s] copying launch/talk_listen.launch.py -> /home/raisu/ros2_ws/src/mypkg/install/mypkg/share/mypkg
[1.416s] running install_egg_info
[1.418s] removing '/home/raisu/ros2_ws/src/mypkg/install/mypkg/lib/python3.8/site-packages/mypkg-0.0.0-py3.8.egg-info' (and everything under it)
[1.421s] Copying build/mypkg/mypkg.egg-info to /home/raisu/ros2_ws/src/mypkg/install/mypkg/lib/python3.8/site-packages/mypkg-0.0.0-py3.8.egg-info
[1.422s] running install_scripts
[1.441s] Installing listener script to /home/raisu/ros2_ws/src/mypkg/install/mypkg/lib/mypkg
[1.442s] Installing talker script to /home/raisu/ros2_ws/src/mypkg/install/mypkg/lib/mypkg
[1.442s] writing list of installed files to '/home/raisu/ros2_ws/src/mypkg/build/mypkg/install.log'
[1.466s] Invoked command in '/home/raisu/ros2_ws/src/mypkg' returned '0': PYTHONPATH=/home/raisu/ros2_ws/src/mypkg/build/mypkg/prefix_override:/home/raisu/ros2_ws/src/mypkg/install/mypkg/lib/python3.8/site-packages:${PYTHONPATH} /usr/bin/python3 setup.py egg_info --egg-base build/mypkg build --build-base /home/raisu/ros2_ws/src/mypkg/build/mypkg/build install --record /home/raisu/ros2_ws/src/mypkg/build/mypkg/install.log --install-scripts $base/lib/mypkg --single-version-externally-managed
