[1.019s] Invoking command in '/home/raisu/ros2_ws/src/mypkg': PYTHONPATH=/home/raisu/ros2_ws/src/mypkg/build/mypkg/prefix_override:/home/raisu/ros2_ws/src/mypkg/install/mypkg/lib/python3.8/site-packages:${PYTHONPATH} /usr/bin/python3 setup.py egg_info --egg-base build/mypkg build --build-base /home/raisu/ros2_ws/src/mypkg/build/mypkg/build install --record /home/raisu/ros2_ws/src/mypkg/build/mypkg/install.log --install-scripts $base/lib/mypkg --single-version-externally-managed
[1.230s] running egg_info
[1.230s] creating build/mypkg/mypkg.egg-info
[1.230s] writing build/mypkg/mypkg.egg-info/PKG-INFO
[1.231s] writing dependency_links to build/mypkg/mypkg.egg-info/dependency_links.txt
[1.231s] writing entry points to build/mypkg/mypkg.egg-info/entry_points.txt
[1.232s] writing requirements to build/mypkg/mypkg.egg-info/requires.txt
[1.232s] writing top-level names to build/mypkg/mypkg.egg-info/top_level.txt
[1.234s] writing manifest file 'build/mypkg/mypkg.egg-info/SOURCES.txt'
[1.269s] reading manifest file 'build/mypkg/mypkg.egg-info/SOURCES.txt'
[1.270s] writing manifest file 'build/mypkg/mypkg.egg-info/SOURCES.txt'
[1.271s] running build
[1.271s] running build_py
[1.271s] creating /home/raisu/ros2_ws/src/mypkg/build/mypkg/build
[1.271s] creating /home/raisu/ros2_ws/src/mypkg/build/mypkg/build/lib
[1.272s] creating /home/raisu/ros2_ws/src/mypkg/build/mypkg/build/lib/mypkg
[1.272s] copying mypkg/talker.py -> /home/raisu/ros2_ws/src/mypkg/build/mypkg/build/lib/mypkg
[1.272s] copying mypkg/listener.py -> /home/raisu/ros2_ws/src/mypkg/build/mypkg/build/lib/mypkg
[1.272s] copying mypkg/setup.py -> /home/raisu/ros2_ws/src/mypkg/build/mypkg/build/lib/mypkg
[1.273s] copying mypkg/__init__.py -> /home/raisu/ros2_ws/src/mypkg/build/mypkg/build/lib/mypkg
[1.273s] running install
[1.273s] running install_lib
[1.275s] creating /home/raisu/ros2_ws/src/mypkg/install/mypkg/lib/python3.8/site-packages/mypkg
[1.275s] copying /home/raisu/ros2_ws/src/mypkg/build/mypkg/build/lib/mypkg/talker.py -> /home/raisu/ros2_ws/src/mypkg/install/mypkg/lib/python3.8/site-packages/mypkg
[1.275s] copying /home/raisu/ros2_ws/src/mypkg/build/mypkg/build/lib/mypkg/listener.py -> /home/raisu/ros2_ws/src/mypkg/install/mypkg/lib/python3.8/site-packages/mypkg
[1.276s] copying /home/raisu/ros2_ws/src/mypkg/build/mypkg/build/lib/mypkg/setup.py -> /home/raisu/ros2_ws/src/mypkg/install/mypkg/lib/python3.8/site-packages/mypkg
[1.277s] copying /home/raisu/ros2_ws/src/mypkg/build/mypkg/build/lib/mypkg/__init__.py -> /home/raisu/ros2_ws/src/mypkg/install/mypkg/lib/python3.8/site-packages/mypkg
[1.278s] byte-compiling /home/raisu/ros2_ws/src/mypkg/install/mypkg/lib/python3.8/site-packages/mypkg/talker.py to talker.cpython-38.pyc
[1.280s] byte-compiling /home/raisu/ros2_ws/src/mypkg/install/mypkg/lib/python3.8/site-packages/mypkg/listener.py to listener.cpython-38.pyc
[1.281s]   File "/home/raisu/ros2_ws/src/mypkg/install/mypkg/lib/python3.8/site-packages/mypkg/listener.py", line 3
[1.281s]     from std_msgs.msg import Int 16
[1.281s]                                  ^
[1.281s] SyntaxError: invalid syntax
[1.281s] 
[1.282s] byte-compiling /home/raisu/ros2_ws/src/mypkg/install/mypkg/lib/python3.8/site-packages/mypkg/setup.py to setup.cpython-38.pyc
[1.282s] byte-compiling /home/raisu/ros2_ws/src/mypkg/install/mypkg/lib/python3.8/site-packages/mypkg/__init__.py to __init__.cpython-38.pyc
[1.282s] running install_data
[1.283s] creating /home/raisu/ros2_ws/src/mypkg/install/mypkg/share/ament_index
[1.283s] creating /home/raisu/ros2_ws/src/mypkg/install/mypkg/share/ament_index/resource_index
[1.283s] creating /home/raisu/ros2_ws/src/mypkg/install/mypkg/share/ament_index/resource_index/packages
[1.284s] copying resource/mypkg -> /home/raisu/ros2_ws/src/mypkg/install/mypkg/share/ament_index/resource_index/packages
[1.285s] copying package.xml -> /home/raisu/ros2_ws/src/mypkg/install/mypkg/share/mypkg
[1.285s] running install_egg_info
[1.286s] Copying build/mypkg/mypkg.egg-info to /home/raisu/ros2_ws/src/mypkg/install/mypkg/lib/python3.8/site-packages/mypkg-0.0.0-py3.8.egg-info
[1.288s] running install_scripts
[1.308s] Installing listener script to /home/raisu/ros2_ws/src/mypkg/install/mypkg/lib/mypkg
[1.309s] Installing talker script to /home/raisu/ros2_ws/src/mypkg/install/mypkg/lib/mypkg
[1.309s] writing list of installed files to '/home/raisu/ros2_ws/src/mypkg/build/mypkg/install.log'
[1.332s] Invoked command in '/home/raisu/ros2_ws/src/mypkg' returned '0': PYTHONPATH=/home/raisu/ros2_ws/src/mypkg/build/mypkg/prefix_override:/home/raisu/ros2_ws/src/mypkg/install/mypkg/lib/python3.8/site-packages:${PYTHONPATH} /usr/bin/python3 setup.py egg_info --egg-base build/mypkg build --build-base /home/raisu/ros2_ws/src/mypkg/build/mypkg/build install --record /home/raisu/ros2_ws/src/mypkg/build/mypkg/install.log --install-scripts $base/lib/mypkg --single-version-externally-managed
