/home/raisu/ros2_ws/src/mypkg/install/mypkg/lib/python3.8/site-packages/mypkg/talker.py
/home/raisu/ros2_ws/src/mypkg/install/mypkg/lib/python3.8/site-packages/mypkg/listener.py
/home/raisu/ros2_ws/src/mypkg/install/mypkg/lib/python3.8/site-packages/mypkg/setup.py
/home/raisu/ros2_ws/src/mypkg/install/mypkg/lib/python3.8/site-packages/mypkg/__init__.py
/home/raisu/ros2_ws/src/mypkg/install/mypkg/lib/python3.8/site-packages/mypkg/__pycache__/talker.cpython-38.pyc
/home/raisu/ros2_ws/src/mypkg/install/mypkg/lib/python3.8/site-packages/mypkg/__pycache__/listener.cpython-38.pyc
/home/raisu/ros2_ws/src/mypkg/install/mypkg/lib/python3.8/site-packages/mypkg/__pycache__/setup.cpython-38.pyc
/home/raisu/ros2_ws/src/mypkg/install/mypkg/lib/python3.8/site-packages/mypkg/__pycache__/__init__.cpython-38.pyc
/home/raisu/ros2_ws/src/mypkg/install/mypkg/share/ament_index/resource_index/packages/mypkg
/home/raisu/ros2_ws/src/mypkg/install/mypkg/share/mypkg/package.xml
/home/raisu/ros2_ws/src/mypkg/install/mypkg/share/mypkg/talk_listen.launch.py
/home/raisu/ros2_ws/src/mypkg/install/mypkg/lib/python3.8/site-packages/mypkg-0.0.0-py3.8.egg-info/top_level.txt
/home/raisu/ros2_ws/src/mypkg/install/mypkg/lib/python3.8/site-packages/mypkg-0.0.0-py3.8.egg-info/dependency_links.txt
/home/raisu/ros2_ws/src/mypkg/install/mypkg/lib/python3.8/site-packages/mypkg-0.0.0-py3.8.egg-info/entry_points.txt
/home/raisu/ros2_ws/src/mypkg/install/mypkg/lib/python3.8/site-packages/mypkg-0.0.0-py3.8.egg-info/SOURCES.txt
/home/raisu/ros2_ws/src/mypkg/install/mypkg/lib/python3.8/site-packages/mypkg-0.0.0-py3.8.egg-info/requires.txt
/home/raisu/ros2_ws/src/mypkg/install/mypkg/lib/python3.8/site-packages/mypkg-0.0.0-py3.8.egg-info/PKG-INFO
/home/raisu/ros2_ws/src/mypkg/install/mypkg/lib/python3.8/site-packages/mypkg-0.0.0-py3.8.egg-info/zip-safe
/home/raisu/ros2_ws/src/mypkg/install/mypkg/lib/mypkg/listener
/home/raisu/ros2_ws/src/mypkg/install/mypkg/lib/mypkg/talker
